# JRE version: Java(TM) SE Runtime Environment (14.0.2+12) (build 14.0.2+12-46)
# Java VM: Java HotSpot(TM) 64-Bit Server VM (14.0.2+12-46, mixed mode, sharing, tiered, compressed oops, g1 gc, windows-amd64)
Heap:
 garbage-first heap   total 619520K, used 283167K [0x0000000740000000, 0x0000000800000000)
  region size 1024K, 1 young (1024K), 1 survivors (1024K)
 Metaspace       used 29130K, capacity 29940K, committed 30256K, reserved 1075200K
  class space    used 3293K, capacity 3610K, committed 3712K, reserved 1048576K
GC Heap History (20 events):
Event: 99.188 GC heap after
{Heap after GC invocations=172 (full 0):
 garbage-first heap   total 516096K, used 283365K [0x0000000740000000, 0x0000000800000000)
  region size 1024K, 8 young (8192K), 8 survivors (8192K)
 Metaspace       used 29130K, capacity 29940K, committed 30256K, reserved 1075200K
  class space    used 3293K, capacity 3610K, committed 3712K, reserved 1048576K
}
Event: 99.290 GC heap before
{Heap before GC invocations=172 (full 0):
 garbage-first heap   total 516096K, used 454373K [0x0000000740000000, 0x0000000800000000)
  region size 1024K, 175 young (179200K), 8 survivors (8192K)
 Metaspace       used 29130K, capacity 29940K, committed 30256K, reserved 1075200K
  class space    used 3293K, capacity 3610K, committed 3712K, reserved 1048576K
}
Event: 99.297 GC heap after
{Heap after GC invocations=173 (full 0):
 garbage-first heap   total 516096K, used 283056K [0x0000000740000000, 0x0000000800000000)
  region size 1024K, 7 young (7168K), 7 survivors (7168K)
 Metaspace       used 29130K, capacity 29940K, committed 30256K, reserved 1075200K
  class space    used 3293K, capacity 3610K, committed 3712K, reserved 1048576K
}
Event: 99.392 GC heap before
{Heap before GC invocations=173 (full 0):
 garbage-first heap   total 516096K, used 455088K [0x0000000740000000, 0x0000000800000000)
  region size 1024K, 175 young (179200K), 7 survivors (7168K)
 Metaspace       used 29130K, capacity 29940K, committed 30256K, reserved 1075200K
  class space    used 3293K, capacity 3610K, committed 3712K, reserved 1048576K
}
Event: 99.398 GC heap after
{Heap after GC invocations=174 (full 0):
 garbage-first heap   total 516096K, used 283079K [0x0000000740000000, 0x0000000800000000)
  region size 1024K, 6 young (6144K), 6 survivors (6144K)
 Metaspace       used 29130K, capacity 29940K, committed 30256K, reserved 1075200K
  class space    used 3293K, capacity 3610K, committed 3712K, reserved 1048576K
}
Event: 99.496 GC heap before
{Heap before GC invocations=174 (full 0):
 garbage-first heap   total 516096K, used 456135K [0x0000000740000000, 0x0000000800000000)
  region size 1024K, 175 young (179200K), 6 survivors (6144K)
 Metaspace       used 29130K, capacity 29940K, committed 30256K, reserved 1075200K
  class space    used 3293K, capacity 3610K, committed 3712K, reserved 1048576K
}
Event: 99.501 GC heap after
{Heap after GC invocations=175 (full 0):
 garbage-first heap   total 516096K, used 283118K [0x0000000740000000, 0x0000000800000000)
  region size 1024K, 5 young (5120K), 5 survivors (5120K)
 Metaspace       used 29130K, capacity 29940K, committed 30256K, reserved 1075200K
  class space    used 3293K, capacity 3610K, committed 3712K, reserved 1048576K
}
Event: 99.597 GC heap before
{Heap before GC invocations=175 (full 0):
 garbage-first heap   total 516096K, used 458222K [0x0000000740000000, 0x0000000800000000)
  region size 1024K, 176 young (180224K), 5 survivors (5120K)
 Metaspace       used 29130K, capacity 29940K, committed 30256K, reserved 1075200K
  class space    used 3293K, capacity 3610K, committed 3712K, reserved 1048576K
}
Event: 99.601 GC heap after
{Heap after GC invocations=176 (full 0):
 garbage-first heap   total 516096K, used 283010K [0x0000000740000000, 0x0000000800000000)
  region size 1024K, 5 young (5120K), 5 survivors (5120K)
 Metaspace       used 29130K, capacity 29940K, committed 30256K, reserved 1075200K
  class space    used 3293K, capacity 3610K, committed 3712K, reserved 1048576K
}
Event: 99.696 GC heap before
{Heap before GC invocations=176 (full 0):
 garbage-first heap   total 516096K, used 457090K [0x0000000740000000, 0x0000000800000000)
  region size 1024K, 175 young (179200K), 5 survivors (5120K)
 Metaspace       used 29130K, capacity 29940K, committed 30256K, reserved 1075200K
  class space    used 3293K, capacity 3610K, committed 3712K, reserved 1048576K
}
Event: 99.701 GC heap after
{Heap after GC invocations=177 (full 0):
 garbage-first heap   total 516096K, used 283219K [0x0000000740000000, 0x0000000800000000)
  region size 1024K, 4 young (4096K), 4 survivors (4096K)
 Metaspace       used 29130K, capacity 29940K, committed 30256K, reserved 1075200K
  class space    used 3293K, capacity 3610K, committed 3712K, reserved 1048576K
}
Event: 99.801 GC heap before
{Heap before GC invocations=177 (full 0):
 garbage-first heap   total 516096K, used 459347K [0x0000000740000000, 0x0000000800000000)
  region size 1024K, 176 young (180224K), 4 survivors (4096K)
 Metaspace       used 29130K, capacity 29940K, committed 30256K, reserved 1075200K
  class space    used 3293K, capacity 3610K, committed 3712K, reserved 1048576K
}
Event: 99.805 GC heap after
{Heap after GC invocations=178 (full 0):
 garbage-first heap   total 516096K, used 283248K [0x0000000740000000, 0x0000000800000000)
  region size 1024K, 3 young (3072K), 3 survivors (3072K)
 Metaspace       used 29130K, capacity 29940K, committed 30256K, reserved 1075200K
  class space    used 3293K, capacity 3610K, committed 3712K, reserved 1048576K
}
Event: 99.903 GC heap before
{Heap before GC invocations=178 (full 0):
 garbage-first heap   total 516096K, used 460400K [0x0000000740000000, 0x0000000800000000)
  region size 1024K, 176 young (180224K), 3 survivors (3072K)
 Metaspace       used 29130K, capacity 29940K, committed 30256K, reserved 1075200K
  class space    used 3293K, capacity 3610K, committed 3712K, reserved 1048576K
}
Event: 99.906 GC heap after
{Heap after GC invocations=179 (full 0):
 garbage-first heap   total 516096K, used 283130K [0x0000000740000000, 0x0000000800000000)
  region size 1024K, 3 young (3072K), 3 survivors (3072K)
 Metaspace       used 29130K, capacity 29940K, committed 30256K, reserved 1075200K
  class space    used 3293K, capacity 3610K, committed 3712K, reserved 1048576K
}
Event: 100.002 GC heap before
{Heap before GC invocations=179 (full 0):
 garbage-first heap   total 516096K, used 459258K [0x0000000740000000, 0x0000000800000000)
  region size 1024K, 175 young (179200K), 3 survivors (3072K)
 Metaspace       used 29130K, capacity 29940K, committed 30256K, reserved 1075200K
  class space    used 3293K, capacity 3610K, committed 3712K, reserved 1048576K
}
Event: 100.005 GC heap after
{Heap after GC invocations=180 (full 0):
 garbage-first heap   total 516096K, used 283186K [0x0000000740000000, 0x0000000800000000)
  region size 1024K, 2 young (2048K), 2 survivors (2048K)
 Metaspace       used 29130K, capacity 29940K, committed 30256K, reserved 1075200K
  class space    used 3293K, capacity 3610K, committed 3712K, reserved 1048576K
}
Event: 100.107 GC heap before
{Heap before GC invocations=180 (full 0):
 garbage-first heap   total 516096K, used 461362K [0x0000000740000000, 0x0000000800000000)
  region size 1024K, 176 young (180224K), 2 survivors (2048K)
 Metaspace       used 29130K, capacity 29940K, committed 30256K, reserved 1075200K
  class space    used 3293K, capacity 3610K, committed 3712K, reserved 1048576K
}
Event: 100.110 GC heap after
{Heap after GC invocations=181 (full 0):
 garbage-first heap   total 516096K, used 283211K [0x0000000740000000, 0x0000000800000000)
  region size 1024K, 2 young (2048K), 2 survivors (2048K)
 Metaspace       used 29130K, capacity 29940K, committed 30256K, reserved 1075200K
  class space    used 3293K, capacity 3610K, committed 3712K, reserved 1048576K
}
Event: 100.213 GC heap before
{Heap before GC invocations=181 (full 0):
 garbage-first heap   total 516096K, used 461387K [0x0000000740000000, 0x0000000800000000)
  region size 1024K, 176 young (180224K), 2 survivors (2048K)
 Metaspace       used 29130K, capacity 29940K, committed 30256K, reserved 1075200K
  class space    used 3293K, capacity 3610K, committed 3712K, reserved 1048576K
}

